<?xml version="1.0" encoding="UTF-8"?>
<!-- Generated by org.testng.reporters.JUnitReportReporter -->
<testsuite hostname="192.168.1.6" failures="0" tests="1" name="Ecommerce.eCommerce_tc_1" time="15.009" errors="0" timestamp="2025-04-12T19:59:38 IST" skipped="0">
  <testcase classname="Ecommerce.eCommerce_tc_1" name="firstPage" time="15.009"/>
</testsuite> <!-- Ecommerce.eCommerce_tc_1 -->
