<?xml version="1.0" encoding="UTF-8"?>
<!-- Generated by org.testng.reporters.JUnitReportReporter -->
<testsuite hostname="192.168.1.6" failures="0" tests="1" name="Automation.DragDropDemo" time="6.522" errors="0" timestamp="2025-04-11T16:12:04 IST" skipped="0">
  <testcase classname="Automation.DragDropDemo" name="DragDropDemoTest" time="6.522"/>
</testsuite> <!-- Automation.DragDropDemo -->
