<?xml version="1.0" encoding="UTF-8"?>
<!-- Generated by org.testng.reporters.JUnitReportReporter -->
<testsuite hostname="192.168.1.6" failures="0" tests="1" name="Ecommerce.eCommerce_tc_2" time="7.993" errors="0" timestamp="2025-04-12T20:27:13 IST" skipped="0">
  <testcase classname="Ecommerce.eCommerce_tc_2" name="firstPage" time="7.993"/>
</testsuite> <!-- Ecommerce.eCommerce_tc_2 -->
