<?xml version="1.0" encoding="UTF-8"?>
<!-- Generated by org.testng.reporters.JUnitReportReporter -->
<testsuite hostname="Ashwanis-MacBook-Pro.local" failures="0" tests="1" name="Automation.scrollDemo" time="6.275" errors="0" timestamp="2025-04-11T14:57:16 IST" skipped="0">
  <testcase classname="Automation.scrollDemo" name="ScrollDemoTest" time="6.275"/>
</testsuite> <!-- Automation.scrollDemo -->
