<?xml version="1.0" encoding="UTF-8"?>
<!-- Generated by org.testng.reporters.JUnitReportReporter -->
<testsuite hostname="192.168.1.6" failures="0" tests="1" name="iosAutomation.iosbasic" time="6.343" errors="0" timestamp="2025-04-14T00:08:50 IST" skipped="0">
  <testcase classname="iosAutomation.iosbasic" name="iosBasicTest" time="6.343"/>
</testsuite> <!-- iosAutomation.iosbasic -->
