<?xml version="1.0" encoding="UTF-8"?>
<!-- Generated by org.testng.reporters.JUnitReportReporter -->
<testsuite hostname="192.168.1.2" failures="0" tests="1" name="iosAutomation.iosScrollDown" time="2.296" errors="0" timestamp="2025-04-14T09:09:02 IST" skipped="0">
  <testcase classname="iosAutomation.iosScrollDown" name="iosScrollDownTest" time="2.296"/>
</testsuite> <!-- iosAutomation.iosScrollDown -->
