<?xml version="1.0" encoding="UTF-8"?>
<!-- Generated by org.testng.reporters.JUnitReportReporter -->
<testsuite hostname="Ashwanis-MacBook-Pro.local" failures="0" tests="2" name="Automation.demoAndroid" time="1.106" errors="1" timestamp="2025-04-14T15:36:15 IST" skipped="1">
  <testcase classname="Automation.demoAndroid" name="demotest" time="0.000">
    <skipped/>
  </testcase> <!-- demotest -->
  <testcase classname="Automation.demoAndroid" name="configureAppium" time="1.106">
    <error message="Could not start a new session. Response code 500. Message: An unknown server-side error occurred while processing the command. Original error: New app path &#039;/Users/ashwaniyadav/eclipse-workspace/BankofAmerica/src/main/java/Resources/Melp.app&#039; did not have extensions: .apk,.apks 
Host info: host: &#039;Ashwanis-MacBook-Pro.local&#039;, ip: &#039;fe80:0:0:0:10c8:a678:378e:d894%en0&#039;
Build info: version: &#039;4.31.0&#039;, revision: &#039;1ef9f18787*&#039;
System info: os.name: &#039;Mac OS X&#039;, os.arch: &#039;aarch64&#039;, os.version: &#039;15.3&#039;, java.version: &#039;21.0.2&#039;
Driver info: io.appium.java_client.android.AndroidDriver
Command: [null, newSession {capabilities=[Capabilities {appium:app: /Users/ashwaniyadav/eclipse..., appium:automationName: UIAutomator2, appium:deviceName: Pixel_3a, appium:udid: emulator-5554, platformName: ANDROID}]}]
Capabilities {appium:app: /Users/ashwaniyadav/eclipse..., appium:automationName: UIAutomator2, appium:deviceName: Pixel_3a, appium:udid: emulator-5554, platformName: ANDROID}" type="org.openqa.selenium.SessionNotCreatedException">
      <![CDATA[org.openqa.selenium.SessionNotCreatedException: Could not start a new session. Response code 500. Message: An unknown server-side error occurred while processing the command. Original error: New app path '/Users/ashwaniyadav/eclipse-workspace/BankofAmerica/src/main/java/Resources/Melp.app' did not have extensions: .apk,.apks 
Host info: host: 'Ashwanis-MacBook-Pro.local', ip: 'fe80:0:0:0:10c8:a678:378e:d894%en0'
Build info: version: '4.31.0', revision: '1ef9f18787*'
System info: os.name: 'Mac OS X', os.arch: 'aarch64', os.version: '15.3', java.version: '21.0.2'
Driver info: io.appium.java_client.android.AndroidDriver
Command: [null, newSession {capabilities=[Capabilities {appium:app: /Users/ashwaniyadav/eclipse..., appium:automationName: UIAutomator2, appium:deviceName: Pixel_3a, appium:udid: emulator-5554, platformName: ANDROID}]}]
Capabilities {appium:app: /Users/ashwaniyadav/eclipse..., appium:automationName: UIAutomator2, appium:deviceName: Pixel_3a, appium:udid: emulator-5554, platformName: ANDROID}
at org.openqa.selenium.remote.ProtocolHandshake.createSession(ProtocolHandshake.java:114)
at org.openqa.selenium.remote.ProtocolHandshake.createSession(ProtocolHandshake.java:75)
at org.openqa.selenium.remote.ProtocolHandshake.createSession(ProtocolHandshake.java:61)
at io.appium.java_client.remote.AppiumCommandExecutor.createSession(AppiumCommandExecutor.java:178)
at io.appium.java_client.remote.AppiumCommandExecutor.execute(AppiumCommandExecutor.java:243)
at org.openqa.selenium.remote.RemoteWebDriver.execute(RemoteWebDriver.java:545)
at io.appium.java_client.AppiumDriver.startSession(AppiumDriver.java:313)
at org.openqa.selenium.remote.RemoteWebDriver.<init>(RemoteWebDriver.java:174)
at io.appium.java_client.AppiumDriver.<init>(AppiumDriver.java:101)
at io.appium.java_client.AppiumDriver.<init>(AppiumDriver.java:113)
at io.appium.java_client.android.AndroidDriver.<init>(AndroidDriver.java:109)
at Automation.baseTest.configureAppium(baseTest.java:49)
at java.base/jdk.internal.reflect.DirectMethodHandleAccessor.invoke(DirectMethodHandleAccessor.java:103)
at java.base/java.lang.reflect.Method.invoke(Method.java:580)
at org.testng.internal.invokers.MethodInvocationHelper.invokeMethod(MethodInvocationHelper.java:141)
at org.testng.internal.invokers.MethodInvocationHelper.invokeMethodConsideringTimeout(MethodInvocationHelper.java:71)
at org.testng.internal.invokers.ConfigInvoker.invokeConfigurationMethod(ConfigInvoker.java:400)
at org.testng.internal.invokers.ConfigInvoker.invokeConfigurations(ConfigInvoker.java:333)
at org.testng.internal.invokers.TestMethodWorker.invokeBeforeClassMethods(TestMethodWorker.java:188)
at org.testng.internal.invokers.TestMethodWorker.run(TestMethodWorker.java:128)
at java.base/java.util.ArrayList.forEach(ArrayList.java:1596)
at org.testng.TestRunner.privateRun(TestRunner.java:741)
at org.testng.TestRunner.run(TestRunner.java:616)
at org.testng.SuiteRunner.runTest(SuiteRunner.java:421)
at org.testng.SuiteRunner.runSequentially(SuiteRunner.java:413)
at org.testng.SuiteRunner.privateRun(SuiteRunner.java:373)
at org.testng.SuiteRunner.run(SuiteRunner.java:312)
at org.testng.SuiteRunnerWorker.runSuite(SuiteRunnerWorker.java:52)
at org.testng.SuiteRunnerWorker.run(SuiteRunnerWorker.java:95)
at org.testng.TestNG.runSuitesSequentially(TestNG.java:1274)
at org.testng.TestNG.runSuitesLocally(TestNG.java:1208)
at org.testng.TestNG.runSuites(TestNG.java:1112)
at org.testng.TestNG.run(TestNG.java:1079)
at org.testng.remote.AbstractRemoteTestNG.run(AbstractRemoteTestNG.java:115)
at org.testng.remote.RemoteTestNG.initAndRun(RemoteTestNG.java:293)
at org.testng.remote.RemoteTestNG.main(RemoteTestNG.java:91)
]]>
    </error>
  </testcase> <!-- configureAppium -->
</testsuite> <!-- Automation.demoAndroid -->
