<?xml version="1.0" encoding="UTF-8"?>
<!-- Generated by org.testng.reporters.JUnitReportReporter -->
<testsuite hostname="Ashwanis-MacBook-Pro.local" failures="0" tests="1" name="iosAutomation.firstDemo" time="38.928" errors="0" timestamp="2025-04-15T21:46:46 IST" skipped="0">
  <testcase classname="iosAutomation.firstDemo" name="firstDemoTest" time="38.928"/>
</testsuite> <!-- iosAutomation.firstDemo -->
