<?xml version="1.0" encoding="UTF-8"?>
<!-- Generated by org.testng.reporters.JUnitReportReporter -->
<testsuite hostname="Ashwanis-MacBook-Pro.local" failures="0" tests="1" name="Automation.SwipeDemo" time="5.844" errors="0" timestamp="2025-04-11T15:21:15 IST" skipped="0">
  <testcase classname="Automation.SwipeDemo" name="SwipeDemoTest" time="5.844"/>
</testsuite> <!-- Automation.SwipeDemo -->
