<?xml version="1.0" encoding="UTF-8"?>
<!-- Generated by org.testng.reporters.JUnitReportReporter -->
<testsuite hostname="192.168.1.2" failures="0" tests="1" name="iosAutomation.iosLongPress" time="6.776" errors="0" timestamp="2025-04-14T08:49:17 IST" skipped="0">
  <testcase classname="iosAutomation.iosLongPress" name="ioslongPressTest" time="6.776"/>
</testsuite> <!-- iosAutomation.iosLongPress -->
